<?xml version="1.0" encoding="UTF-8"?>
<!-- Generated by org.testng.reporters.JUnitReportReporter -->
<testsuite name="com.course.testng.suite.LoginTest" tests="1" time="0.000" ignored="1" failures="0" timestamp="24 九月 2020 08:05:36 GMT" skipped="0" hostname="LAPTOP-5SFVC786" errors="0">
  <testcase name="loginTaobao" time="0.000" classname="com.course.testng.suite.LoginTest"/>
  <testcase name="ignore2" classname="com.course.testng.suite.ignoreTest">
    <skipped/>
  </testcase> <!-- ignore2 -->
</testsuite> <!-- com.course.testng.suite.LoginTest -->
